<?xml version="1.0" encoding="UTF-8"?>
<!-- Generated by org.testng.reporters.JUnitReportReporter -->
<testsuite hostname="10835-LAP-0898" failures="0" tests="1" name="testscripts.smoke.ui.DashboardTest" time="8.175" errors="0" timestamp="2025-03-20T01:28:38 IST" skipped="0">
  <testcase classname="testscripts.smoke.ui.DashboardTest" name="verifyDashboardUiElements" time="8.175"/>
  <system-out/>
</testsuite> <!-- testscripts.smoke.ui.DashboardTest -->
