<?xml version="1.0" encoding="UTF-8"?>
<!-- Generated by org.testng.reporters.JUnitReportReporter -->
<testsuite hostname="10835-LAP-0898" failures="0" tests="1" name="testscripts.smoke.functional.LoginTest" time="7.122" errors="0" timestamp="2025-03-20T01:28:38 IST" skipped="0">
  <testcase classname="testscripts.smoke.functional.LoginTest" name="verifyLoginForValidCredentials" time="7.122"/>
  <system-out/>
</testsuite> <!-- testscripts.smoke.functional.LoginTest -->
