<?xml version="1.0" encoding="UTF-8"?>
<!-- Generated by org.testng.reporters.JUnitReportReporter -->
<testsuite hostname="10835-LAP-0898" failures="0" tests="6" name="testscripts.smoke.functional.CreateQuestionTest" time="101.896" errors="0" timestamp="2025-03-20T01:28:38 IST" skipped="0">
  <testcase classname="testscripts.smoke.functional.CreateQuestionTest" name="verifyCreateQuestionDataDriven" time="13.314"/>
  <system-out/>
  <testcase classname="testscripts.smoke.functional.CreateQuestionTest" name="verifyCreateQuestionDataDriven" time="16.453"/>
  <system-out/>
  <testcase classname="testscripts.smoke.functional.CreateQuestionTest" name="verifyCreateQuestionDataDriven" time="22.433"/>
  <system-out/>
  <testcase classname="testscripts.smoke.functional.CreateQuestionTest" name="verifyCreateQuestionDataDriven" time="14.818"/>
  <system-out/>
  <testcase classname="testscripts.smoke.functional.CreateQuestionTest" name="verifyCreateQuestionDataDriven" time="16.444"/>
  <system-out/>
  <testcase classname="testscripts.smoke.functional.CreateQuestionTest" name="verifyCreateQuestion" time="18.434"/>
  <system-out/>
</testsuite> <!-- testscripts.smoke.functional.CreateQuestionTest -->
